<?xml version="1.0" encoding="UTF-8"?>
<!-- Generated by org.testng.reporters.JUnitXMLReporter -->
<testsuite ignored="0" hostname="DESKTOP-LPFVUTP" failures="0" tests="3" name="Default test" time="11.899" errors="0" timestamp="23 Feb 2021 17:33:21 GMT">
  <testcase classname="com.qa.tests.TestCase1" name="WikisearchboxTest" time="0.978"/>
  <testcase classname="com.qa.tests.TestCase1" name="WikiMainPageTest" time="1.484"/>
  <testcase classname="com.qa.tests.TestCase1" name="ISTest" time="3.598"/>
</testsuite> <!-- Default test -->
