<?xml version="1.0" encoding="UTF-8"?>
<testng-results ignored="0" total="3" passed="3" failed="0" skipped="0">
  <reporter-output>
  </reporter-output>
  <suite started-at="2021-02-23T17:33:09Z" name="Default suite" finished-at="2021-02-23T17:33:21Z" duration-ms="11899">
    <groups>
    </groups>
    <test started-at="2021-02-23T17:33:09Z" name="Default test" finished-at="2021-02-23T17:33:21Z" duration-ms="11899">
      <class name="com.qa.tests.TestCase1">
        <test-method is-config="true" signature="config()[pri:0, instance:com.qa.tests.TestCase1@58594a11]" started-at="2021-02-23T17:33:09Z" name="config" finished-at="2021-02-23T17:33:15Z" duration-ms="5752" status="PASS">
          <reporter-output>
          </reporter-output>
        </test-method> <!-- config -->
        <test-method signature="WikisearchboxTest()[pri:49, instance:com.qa.tests.TestCase1@58594a11]" started-at="2021-02-23T17:33:15Z" name="WikisearchboxTest" finished-at="2021-02-23T17:33:16Z" duration-ms="978" status="PASS">
          <reporter-output>
          </reporter-output>
        </test-method> <!-- WikisearchboxTest -->
        <test-method signature="WikiMainPageTest()[pri:50, instance:com.qa.tests.TestCase1@58594a11]" started-at="2021-02-23T17:33:16Z" name="WikiMainPageTest" finished-at="2021-02-23T17:33:18Z" duration-ms="1484" status="PASS">
          <reporter-output>
          </reporter-output>
        </test-method> <!-- WikiMainPageTest -->
        <test-method signature="ISTest()[pri:51, instance:com.qa.tests.TestCase1@58594a11]" started-at="2021-02-23T17:33:18Z" name="ISTest" finished-at="2021-02-23T17:33:21Z" duration-ms="3598" status="PASS">
          <reporter-output>
          </reporter-output>
        </test-method> <!-- ISTest -->
        <test-method is-config="true" signature="closebrowser()[pri:0, instance:com.qa.tests.TestCase1@58594a11]" started-at="2021-02-23T17:33:21Z" name="closebrowser" finished-at="2021-02-23T17:33:21Z" duration-ms="59" status="PASS">
          <reporter-output>
          </reporter-output>
        </test-method> <!-- closebrowser -->
      </class> <!-- com.qa.tests.TestCase1 -->
    </test> <!-- Default test -->
  </suite> <!-- Default suite -->
</testng-results>
